<?xml version="1.0" encoding="UTF-8"?>
<testsuite name="com.application.wallet.WalletApplicationTests" tests="1" skipped="0" failures="0" errors="0" timestamp="2023-02-23T04:26:45" hostname="WGC10057HLW93" time="0.612">
  <properties/>
  <testcase name="contextLoads()" classname="com.application.wallet.WalletApplicationTests" time="0.612"/>
  <system-out><![CDATA[09:56:41.492 [Test worker] DEBUG org.springframework.test.context.BootstrapUtils - Instantiating CacheAwareContextLoaderDelegate from class [org.springframework.test.context.cache.DefaultCacheAwareContextLoaderDelegate]
09:56:41.505 [Test worker] DEBUG org.springframework.test.context.BootstrapUtils - Instantiating BootstrapContext using constructor [public org.springframework.test.context.support.DefaultBootstrapContext(java.lang.Class,org.springframework.test.context.CacheAwareContextLoaderDelegate)]
09:56:41.550 [Test worker] DEBUG org.springframework.test.context.BootstrapUtils - Instantiating TestContextBootstrapper for test class [com.application.wallet.WalletApplicationTests] from class [org.springframework.boot.test.context.SpringBootTestContextBootstrapper]
09:56:41.568 [Test worker] INFO org.springframework.boot.test.context.SpringBootTestContextBootstrapper - Neither @ContextConfiguration nor @ContextHierarchy found for test class [com.application.wallet.WalletApplicationTests], using SpringBootContextLoader
09:56:41.573 [Test worker] DEBUG org.springframework.test.context.support.AbstractContextLoader - Did not detect default resource location for test class [com.application.wallet.WalletApplicationTests]: class path resource [com/application/wallet/WalletApplicationTests-context.xml] does not exist
09:56:41.573 [Test worker] DEBUG org.springframework.test.context.support.AbstractContextLoader - Did not detect default resource location for test class [com.application.wallet.WalletApplicationTests]: class path resource [com/application/wallet/WalletApplicationTestsContext.groovy] does not exist
09:56:41.574 [Test worker] INFO org.springframework.test.context.support.AbstractContextLoader - Could not detect default resource locations for test class [com.application.wallet.WalletApplicationTests]: no resource found for suffixes {-context.xml, Context.groovy}.
09:56:41.574 [Test worker] INFO org.springframework.test.context.support.AnnotationConfigContextLoaderUtils - Could not detect default configuration classes for test class [com.application.wallet.WalletApplicationTests]: WalletApplicationTests does not declare any static, non-private, non-final, nested classes annotated with @Configuration.
09:56:41.623 [Test worker] DEBUG org.springframework.test.context.support.ActiveProfilesUtils - Could not find an 'annotation declaring class' for annotation type [org.springframework.test.context.ActiveProfiles] and class [com.application.wallet.WalletApplicationTests]
09:56:41.703 [Test worker] DEBUG org.springframework.context.annotation.ClassPathScanningCandidateComponentProvider - Identified candidate component class: file [C:\Users\KVENK114\Downloads\Wallet@1\wallet\build\classes\java\main\com\application\wallet\WalletApplication.class]
09:56:41.705 [Test worker] INFO org.springframework.boot.test.context.SpringBootTestContextBootstrapper - Found @SpringBootConfiguration com.application.wallet.WalletApplication for test class com.application.wallet.WalletApplicationTests
09:56:41.847 [Test worker] DEBUG org.springframework.boot.test.context.SpringBootTestContextBootstrapper - @TestExecutionListeners is not present for class [com.application.wallet.WalletApplicationTests]: using defaults.
09:56:41.847 [Test worker] INFO org.springframework.boot.test.context.SpringBootTestContextBootstrapper - Loaded default TestExecutionListener class names from location [META-INF/spring.factories]: [org.springframework.boot.test.autoconfigure.restdocs.RestDocsTestExecutionListener, org.springframework.boot.test.autoconfigure.web.client.MockRestServiceServerResetTestExecutionListener, org.springframework.boot.test.autoconfigure.web.servlet.MockMvcPrintOnlyOnFailureTestExecutionListener, org.springframework.boot.test.autoconfigure.web.servlet.WebDriverTestExecutionListener, org.springframework.boot.test.autoconfigure.webservices.client.MockWebServiceServerTestExecutionListener, org.springframework.boot.test.mock.mockito.MockitoTestExecutionListener, org.springframework.boot.test.mock.mockito.ResetMocksTestExecutionListener, org.springframework.test.context.web.ServletTestExecutionListener, org.springframework.test.context.support.DirtiesContextBeforeModesTestExecutionListener, org.springframework.test.context.event.ApplicationEventsTestExecutionListener, org.springframework.test.context.support.DependencyInjectionTestExecutionListener, org.springframework.test.context.support.DirtiesContextTestExecutionListener, org.springframework.test.context.transaction.TransactionalTestExecutionListener, org.springframework.test.context.jdbc.SqlScriptsTestExecutionListener, org.springframework.test.context.event.EventPublishingTestExecutionListener]
09:56:41.866 [Test worker] DEBUG org.springframework.boot.test.context.SpringBootTestContextBootstrapper - Skipping candidate TestExecutionListener [org.springframework.test.context.transaction.TransactionalTestExecutionListener] due to a missing dependency. Specify custom listener classes or make the default listener classes and their required dependencies available. Offending class: [org/springframework/transaction/interceptor/TransactionAttributeSource]
09:56:41.867 [Test worker] DEBUG org.springframework.boot.test.context.SpringBootTestContextBootstrapper - Skipping candidate TestExecutionListener [org.springframework.test.context.jdbc.SqlScriptsTestExecutionListener] due to a missing dependency. Specify custom listener classes or make the default listener classes and their required dependencies available. Offending class: [org/springframework/transaction/interceptor/TransactionAttribute]
09:56:41.867 [Test worker] INFO org.springframework.boot.test.context.SpringBootTestContextBootstrapper - Using TestExecutionListeners: [org.springframework.test.context.web.ServletTestExecutionListener@4052274f, org.springframework.test.context.support.DirtiesContextBeforeModesTestExecutionListener@132ddbab, org.springframework.test.context.event.ApplicationEventsTestExecutionListener@297ea53a, org.springframework.boot.test.mock.mockito.MockitoTestExecutionListener@acb0951, org.springframework.boot.test.autoconfigure.SpringBootDependencyInjectionTestExecutionListener@5bf22f18, org.springframework.test.context.support.DirtiesContextTestExecutionListener@267f474e, org.springframework.test.context.event.EventPublishingTestExecutionListener@7a7471ce, org.springframework.boot.test.autoconfigure.restdocs.RestDocsTestExecutionListener@28276e50, org.springframework.boot.test.autoconfigure.web.client.MockRestServiceServerResetTestExecutionListener@62e70ea3, org.springframework.boot.test.autoconfigure.web.servlet.MockMvcPrintOnlyOnFailureTestExecutionListener@3efe7086, org.springframework.boot.test.autoconfigure.web.servlet.WebDriverTestExecutionListener@675d8c96, org.springframework.boot.test.autoconfigure.webservices.client.MockWebServiceServerTestExecutionListener@741b3bc3, org.springframework.boot.test.mock.mockito.ResetMocksTestExecutionListener@2ed3b1f5]
09:56:41.874 [Test worker] DEBUG org.springframework.test.context.support.AbstractDirtiesContextTestExecutionListener - Before test class: context [DefaultTestContext@180e6ac4 testClass = WalletApplicationTests, testInstance = [null], testMethod = [null], testException = [null], mergedContextConfiguration = [WebMergedContextConfiguration@42b64ab8 testClass = WalletApplicationTests, locations = '{}', classes = '{class com.application.wallet.WalletApplication}', contextInitializerClasses = '[]', activeProfiles = '{}', propertySourceLocations = '{}', propertySourceProperties = '{org.springframework.boot.test.context.SpringBootTestContextBootstrapper=true}', contextCustomizers = set[org.springframework.boot.test.autoconfigure.actuate.metrics.MetricsExportContextCustomizerFactory$DisableMetricExportContextCustomizer@24111ef1, org.springframework.boot.test.autoconfigure.properties.PropertyMappingContextCustomizer@0, org.springframework.boot.test.autoconfigure.web.servlet.WebDriverContextCustomizerFactory$Customizer@3a0baae5, org.springframework.boot.test.context.filter.ExcludeFilterContextCustomizer@403f0a22, org.springframework.boot.test.json.DuplicateJsonObjectContextCustomizerFactory$DuplicateJsonObjectContextCustomizer@77825085, org.springframework.boot.test.mock.mockito.MockitoContextCustomizer@0, org.springframework.boot.test.web.client.TestRestTemplateContextCustomizer@176b3f44, org.springframework.boot.test.context.SpringBootTestArgs@1, org.springframework.boot.test.context.SpringBootTestWebEnvironment@3e84448c], resourceBasePath = 'src/main/webapp', contextLoader = 'org.springframework.boot.test.context.SpringBootContextLoader', parent = [null]], attributes = map['org.springframework.test.context.web.ServletTestExecutionListener.activateListener' -> true]], class annotated with @DirtiesContext [false] with mode [null].

  .   ____          _            __ _ _
 /\\ / ___'_ __ _ _(_)_ __  __ _ \ \ \ \
( ( )\___ | '_ | '_| | '_ \/ _` | \ \ \ \
 \\/  ___)| |_)| | | | | || (_| |  ) ) ) )
  '  |____| .__|_| |_|_| |_\__, | / / / /
 =========|_|==============|___/=/_/_/_/
 :: Spring Boot ::                (v2.7.8)

2023-02-23 09:56:42.324  INFO 17340 --- [    Test worker] c.a.wallet.WalletApplicationTests        : Starting WalletApplicationTests using Java 19.0.2 on WGC10057HLW93 with PID 17340 (started by KVENK114 in C:\Users\KVENK114\Downloads\Wallet@1\wallet)
2023-02-23 09:56:42.327  INFO 17340 --- [    Test worker] c.a.wallet.WalletApplicationTests        : No active profile set, falling back to 1 default profile: "default"
2023-02-23 09:56:45.594  INFO 17340 --- [    Test worker] c.a.wallet.WalletApplicationTests        : Started WalletApplicationTests in 3.666 seconds (JVM running for 5.249)
]]></system-out>
  <system-err><![CDATA[]]></system-err>
</testsuite>
